********************************************************************************
DUPLICATOR-LITE PACKAGE-LOG: 29/12/2021 2:15 pm
NOTICE: Do NOT post to public sites or forums 
********************************************************************************
VERSION:	1.4.3
WORDPRESS:	5.8.2
PHP INFO:	8.0.13 | SAPI: apache2handler
SERVER:		Apache/2.4.51 (Win64) OpenSSL/1.1.1l PHP/8.0.13 
PHP TIME LIMIT: (0) no time limit imposed 
PHP MAX MEMORY: 4294967296 (512M default) 
MEMORY STACK: 10MB

********************************************************************************
DATABASE:
********************************************************************************
BUILD MODE:   MYSQLDUMP
MYSQLTIMEOUT: 5000
MYSQLDUMP:    Is Supported
SQL CREATED: 20211229_minhthanh_9606a691957062635912_20211229141307_database.sql
SQL FILE SIZE: 1.52MB (1589350)
SQL FILE TIME: 2021-12-29 14:15:05
SQL RUNTIME: 4.32 sec.

********************************************************************************
ARCHIVE (ZIP):
********************************************************************************
ARCHIVE DIR:  D:/xampp/htdocs/wordpress
ARCHIVE FILE: 20211229_minhthanh_9606a691957062635912_20211229141307_archive.zip
FILTERS: *OFF*
DIRS:
	not set
FILES:
	not set
EXTS:  not set
----------------------------------------
COMPRESSING
SIZE:	156.1MB
STATS:	Dirs 1,726 | Files 9,843
SQL ADDED: 20211229_minhthanh_9606a691957062635912_20211229141307_database.sql
ZipArchive Object
(
    [lastId] => 11568
    [status] => 0
    [statusSys] => 0
    [numFiles] => 11569
    [filename] => D:\xampp\htdocs\wordpress\wp-content\backups-dup-lite\tmp\20211229_minhthanh_9606a691957062635912_20211229141307_archive.zip
    [comment] => 
)

FILE ADDED TO ZIP: 11568
COMPRESSION RESULT: '1'
COMPRESSED SIZE: 62.46MB
ARCHIVE RUNTIME: 137.10 sec.
MEMORY STACK: 14MB
building installer
add_extra_files1
add_extra_files2
add_extra_files3
add_extra_files4
Doing archive file check
add_extra_files5
add_extra_files6
add_extra_files8
Successfully opened zip D:/xampp/htdocs/wordpress/wp-content/backups-dup-lite/tmp/20211229_minhthanh_9606a691957062635912_20211229141307_archive.zip
Adding enhanced installer files to archive using ZipArchive
Installer files added to archive
Added to archive
After ziparchive close when adding installer

********************************************************************************
INTEGRITY CHECKS:
********************************************************************************
SQL FILE: 1.52MB
INSTALLER FILE: 64.26KB
ARCHIVE FILE: 63.5MB 
EXPECTED FILE/DIRECTORY COUNT: 11,569
ACTUAL FILE/DIRECTORY COUNT: 11,568
ARCHIVE CONSISTENCY TEST: Pass

********************************************************************************
RECORD ID:[1]
TOTAL PROCESS RUNTIME: 143.01 sec.
PEAK PHP MEMORY USED: 16MB
DONE PROCESSING => 20211229_minhthanh 29/12/2021 2:17 pm

